[0224/141803.305:ERROR:crash_report_database_win.cc(580)] CreateDirectory C:\Program Files (x86)\Setmy\Reports\Dump: El sistema no puede encontrar la ruta especificada. (0x3)
[0224/141803.361:ERROR:registration_protocol_win.cc(84)] TransactNamedPipe: Ha terminado la canalización. (0x6D)
[0224/141803.373:ERROR:crash_report_database_win.cc(580)] CreateDirectory C:\Program Files (x86)\Setmy\Reports\Dump: El sistema no puede encontrar la ruta especificada. (0x3)
[0224/180802.799:ERROR:crash_report_database_win.cc(580)] CreateDirectory C:\Program Files (x86)\Setmy\Reports\Dump: El sistema no puede encontrar la ruta especificada. (0x3)
[0224/180802.860:ERROR:registration_protocol_win.cc(84)] TransactNamedPipe: Ha terminado la canalización. (0x6D)
[0224/180802.906:ERROR:crash_report_database_win.cc(580)] CreateDirectory C:\Program Files (x86)\Setmy\Reports\Dump: El sistema no puede encontrar la ruta especificada. (0x3)
[0224/180917.088:ERROR:crash_report_database_win.cc(580)] CreateDirectory C:\Program Files (x86)\Setmy\Reports\Dump: El sistema no puede encontrar la ruta especificada. (0x3)
[0224/180917.112:ERROR:registration_protocol_win.cc(84)] TransactNamedPipe: Ha terminado la canalización. (0x6D)
[0224/180917.114:ERROR:crash_report_database_win.cc(580)] CreateDirectory C:\Program Files (x86)\Setmy\Reports\Dump: El sistema no puede encontrar la ruta especificada. (0x3)
[0225/083503.861:ERROR:crash_report_database_win.cc(580)] CreateDirectory C:\Program Files (x86)\Setmy\Reports\Dump: El sistema no puede encontrar la ruta especificada. (0x3)
[0225/083503.889:ERROR:registration_protocol_win.cc(84)] TransactNamedPipe: Ha terminado la canalización. (0x6D)
[0225/083503.889:ERROR:crash_report_database_win.cc(580)] CreateDirectory C:\Program Files (x86)\Setmy\Reports\Dump: El sistema no puede encontrar la ruta especificada. (0x3)
[0225/083611.202:ERROR:crash_report_database_win.cc(580)] CreateDirectory C:\Program Files (x86)\Setmy\Reports\Dump: El sistema no puede encontrar la ruta especificada. (0x3)
[0225/083611.226:ERROR:registration_protocol_win.cc(84)] TransactNamedPipe: Ha terminado la canalización. (0x6D)
[0225/083611.230:ERROR:crash_report_database_win.cc(580)] CreateDirectory C:\Program Files (x86)\Setmy\Reports\Dump: El sistema no puede encontrar la ruta especificada. (0x3)
[0225/083713.372:ERROR:crash_report_database_win.cc(580)] CreateDirectory C:\Program Files (x86)\Setmy\Reports\Dump: El sistema no puede encontrar la ruta especificada. (0x3)
[0225/083713.392:ERROR:registration_protocol_win.cc(84)] TransactNamedPipe: Ha terminado la canalización. (0x6D)
[0225/083713.392:ERROR:crash_report_database_win.cc(580)] CreateDirectory C:\Program Files (x86)\Setmy\Reports\Dump: El sistema no puede encontrar la ruta especificada. (0x3)
[0225/085041.085:ERROR:crash_report_database_win.cc(580)] CreateDirectory C:\Program Files (x86)\Setmy\Reports\Dump: El sistema no puede encontrar la ruta especificada. (0x3)
[0225/085041.105:ERROR:registration_protocol_win.cc(84)] TransactNamedPipe: Ha terminado la canalización. (0x6D)
[0225/085041.109:ERROR:crash_report_database_win.cc(580)] CreateDirectory C:\Program Files (x86)\Setmy\Reports\Dump: El sistema no puede encontrar la ruta especificada. (0x3)
[0225/085311.153:ERROR:crash_report_database_win.cc(580)] CreateDirectory C:\Program Files (x86)\Setmy\Reports\Dump: El sistema no puede encontrar la ruta especificada. (0x3)
[0225/085311.177:ERROR:registration_protocol_win.cc(84)] TransactNamedPipe: Ha terminado la canalización. (0x6D)
[0225/085311.181:ERROR:crash_report_database_win.cc(580)] CreateDirectory C:\Program Files (x86)\Setmy\Reports\Dump: El sistema no puede encontrar la ruta especificada. (0x3)
[0225/085532.318:ERROR:crash_report_database_win.cc(580)] CreateDirectory C:\Program Files (x86)\Setmy\Reports\Dump: El sistema no puede encontrar la ruta especificada. (0x3)
[0225/085532.362:ERROR:registration_protocol_win.cc(84)] TransactNamedPipe: Ha terminado la canalización. (0x6D)
[0225/085532.366:ERROR:crash_report_database_win.cc(580)] CreateDirectory C:\Program Files (x86)\Setmy\Reports\Dump: El sistema no puede encontrar la ruta especificada. (0x3)
[0225/085723.728:ERROR:crash_report_database_win.cc(580)] CreateDirectory C:\Program Files (x86)\Setmy\Reports\Dump: El sistema no puede encontrar la ruta especificada. (0x3)
[0225/085723.760:ERROR:registration_protocol_win.cc(84)] TransactNamedPipe: Ha terminado la canalización. (0x6D)
[0225/085723.764:ERROR:crash_report_database_win.cc(580)] CreateDirectory C:\Program Files (x86)\Setmy\Reports\Dump: El sistema no puede encontrar la ruta especificada. (0x3)
[0225/085913.858:ERROR:crash_report_database_win.cc(580)] CreateDirectory C:\Program Files (x86)\Setmy\Reports\Dump: El sistema no puede encontrar la ruta especificada. (0x3)
[0225/085913.870:ERROR:registration_protocol_win.cc(84)] TransactNamedPipe: Ha terminado la canalización. (0x6D)
[0225/085913.874:ERROR:crash_report_database_win.cc(580)] CreateDirectory C:\Program Files (x86)\Setmy\Reports\Dump: El sistema no puede encontrar la ruta especificada. (0x3)
[0225/090546.990:ERROR:crash_report_database_win.cc(580)] CreateDirectory C:\Program Files (x86)\Setmy\Reports\Dump: El sistema no puede encontrar la ruta especificada. (0x3)
[0225/090547.014:ERROR:registration_protocol_win.cc(84)] TransactNamedPipe: Ha terminado la canalización. (0x6D)
[0225/090547.018:ERROR:crash_report_database_win.cc(580)] CreateDirectory C:\Program Files (x86)\Setmy\Reports\Dump: El sistema no puede encontrar la ruta especificada. (0x3)
[0225/090943.599:ERROR:crash_report_database_win.cc(580)] CreateDirectory C:\Program Files (x86)\Setmy\Reports\Dump: El sistema no puede encontrar la ruta especificada. (0x3)
[0225/090943.623:ERROR:registration_protocol_win.cc(84)] TransactNamedPipe: Ha terminado la canalización. (0x6D)
[0225/090943.627:ERROR:crash_report_database_win.cc(580)] CreateDirectory C:\Program Files (x86)\Setmy\Reports\Dump: El sistema no puede encontrar la ruta especificada. (0x3)
[0225/091255.754:ERROR:crash_report_database_win.cc(580)] CreateDirectory C:\Program Files (x86)\Setmy\Reports\Dump: El sistema no puede encontrar la ruta especificada. (0x3)
[0225/091255.801:ERROR:registration_protocol_win.cc(84)] TransactNamedPipe: Ha terminado la canalización. (0x6D)
[0225/091255.801:ERROR:crash_report_database_win.cc(580)] CreateDirectory C:\Program Files (x86)\Setmy\Reports\Dump: El sistema no puede encontrar la ruta especificada. (0x3)
[0225/091431.899:ERROR:crash_report_database_win.cc(580)] CreateDirectory C:\Program Files (x86)\Setmy\Reports\Dump: El sistema no puede encontrar la ruta especificada. (0x3)
[0225/091431.915:ERROR:registration_protocol_win.cc(84)] TransactNamedPipe: Ha terminado la canalización. (0x6D)
[0225/091431.915:ERROR:crash_report_database_win.cc(580)] CreateDirectory C:\Program Files (x86)\Setmy\Reports\Dump: El sistema no puede encontrar la ruta especificada. (0x3)
[0225/091507.752:ERROR:crash_report_database_win.cc(580)] CreateDirectory C:\Program Files (x86)\Setmy\Reports\Dump: El sistema no puede encontrar la ruta especificada. (0x3)
[0225/091507.752:ERROR:registration_protocol_win.cc(84)] TransactNamedPipe: Ha terminado la canalización. (0x6D)
[0225/091507.752:ERROR:crash_report_database_win.cc(580)] CreateDirectory C:\Program Files (x86)\Setmy\Reports\Dump: El sistema no puede encontrar la ruta especificada. (0x3)
[0225/091601.381:ERROR:crash_report_database_win.cc(580)] CreateDirectory C:\Program Files (x86)\Setmy\Reports\Dump: El sistema no puede encontrar la ruta especificada. (0x3)
[0225/091601.396:ERROR:registration_protocol_win.cc(84)] TransactNamedPipe: Ha terminado la canalización. (0x6D)
[0225/091601.396:ERROR:crash_report_database_win.cc(580)] CreateDirectory C:\Program Files (x86)\Setmy\Reports\Dump: El sistema no puede encontrar la ruta especificada. (0x3)
[0225/091645.547:ERROR:crash_report_database_win.cc(580)] CreateDirectory C:\Program Files (x86)\Setmy\Reports\Dump: El sistema no puede encontrar la ruta especificada. (0x3)
[0225/091645.563:ERROR:registration_protocol_win.cc(84)] TransactNamedPipe: Ha terminado la canalización. (0x6D)
[0225/091645.563:ERROR:crash_report_database_win.cc(580)] CreateDirectory C:\Program Files (x86)\Setmy\Reports\Dump: El sistema no puede encontrar la ruta especificada. (0x3)
[0225/091755.659:ERROR:crash_report_database_win.cc(580)] CreateDirectory C:\Program Files (x86)\Setmy\Reports\Dump: El sistema no puede encontrar la ruta especificada. (0x3)
[0225/091755.676:ERROR:registration_protocol_win.cc(84)] TransactNamedPipe: Ha terminado la canalización. (0x6D)
[0225/091755.676:ERROR:crash_report_database_win.cc(580)] CreateDirectory C:\Program Files (x86)\Setmy\Reports\Dump: El sistema no puede encontrar la ruta especificada. (0x3)
[0225/092011.655:ERROR:crash_report_database_win.cc(580)] CreateDirectory C:\Program Files (x86)\Setmy\Reports\Dump: El sistema no puede encontrar la ruta especificada. (0x3)
[0225/092011.671:ERROR:registration_protocol_win.cc(84)] TransactNamedPipe: Ha terminado la canalización. (0x6D)
[0225/092011.671:ERROR:crash_report_database_win.cc(580)] CreateDirectory C:\Program Files (x86)\Setmy\Reports\Dump: El sistema no puede encontrar la ruta especificada. (0x3)
[0225/092247.013:ERROR:crash_report_database_win.cc(580)] CreateDirectory C:\Program Files (x86)\Setmy\Reports\Dump: El sistema no puede encontrar la ruta especificada. (0x3)
[0225/092247.025:ERROR:registration_protocol_win.cc(84)] TransactNamedPipe: Ha terminado la canalización. (0x6D)
[0225/092247.025:ERROR:crash_report_database_win.cc(580)] CreateDirectory C:\Program Files (x86)\Setmy\Reports\Dump: El sistema no puede encontrar la ruta especificada. (0x3)
[0225/092316.219:ERROR:crash_report_database_win.cc(580)] CreateDirectory C:\Program Files (x86)\Setmy\Reports\Dump: El sistema no puede encontrar la ruta especificada. (0x3)
[0225/092316.235:ERROR:registration_protocol_win.cc(84)] TransactNamedPipe: Ha terminado la canalización. (0x6D)
[0225/092316.235:ERROR:crash_report_database_win.cc(580)] CreateDirectory C:\Program Files (x86)\Setmy\Reports\Dump: El sistema no puede encontrar la ruta especificada. (0x3)
[0225/092347.065:ERROR:crash_report_database_win.cc(580)] CreateDirectory C:\Program Files (x86)\Setmy\Reports\Dump: El sistema no puede encontrar la ruta especificada. (0x3)
[0225/092347.081:ERROR:registration_protocol_win.cc(84)] TransactNamedPipe: Ha terminado la canalización. (0x6D)
[0225/092347.081:ERROR:crash_report_database_win.cc(580)] CreateDirectory C:\Program Files (x86)\Setmy\Reports\Dump: El sistema no puede encontrar la ruta especificada. (0x3)
[0225/092442.067:ERROR:crash_report_database_win.cc(580)] CreateDirectory C:\Program Files (x86)\Setmy\Reports\Dump: El sistema no puede encontrar la ruta especificada. (0x3)
[0225/092442.080:ERROR:registration_protocol_win.cc(84)] TransactNamedPipe: Ha terminado la canalización. (0x6D)
[0225/092442.080:ERROR:crash_report_database_win.cc(580)] CreateDirectory C:\Program Files (x86)\Setmy\Reports\Dump: El sistema no puede encontrar la ruta especificada. (0x3)
[0225/092553.476:ERROR:crash_report_database_win.cc(580)] CreateDirectory C:\Program Files (x86)\Setmy\Reports\Dump: El sistema no puede encontrar la ruta especificada. (0x3)
[0225/092553.492:ERROR:registration_protocol_win.cc(84)] TransactNamedPipe: Ha terminado la canalización. (0x6D)
[0225/092553.492:ERROR:crash_report_database_win.cc(580)] CreateDirectory C:\Program Files (x86)\Setmy\Reports\Dump: El sistema no puede encontrar la ruta especificada. (0x3)
[0225/092745.668:ERROR:crash_report_database_win.cc(580)] CreateDirectory C:\Program Files (x86)\Setmy\Reports\Dump: El sistema no puede encontrar la ruta especificada. (0x3)
[0225/092745.688:ERROR:registration_protocol_win.cc(84)] TransactNamedPipe: Ha terminado la canalización. (0x6D)
[0225/092745.688:ERROR:crash_report_database_win.cc(580)] CreateDirectory C:\Program Files (x86)\Setmy\Reports\Dump: El sistema no puede encontrar la ruta especificada. (0x3)
[0225/092941.268:ERROR:crash_report_database_win.cc(580)] CreateDirectory C:\Program Files (x86)\Setmy\Reports\Dump: El sistema no puede encontrar la ruta especificada. (0x3)
[0225/092941.268:ERROR:registration_protocol_win.cc(84)] TransactNamedPipe: Ha terminado la canalización. (0x6D)
[0225/092941.283:ERROR:crash_report_database_win.cc(580)] CreateDirectory C:\Program Files (x86)\Setmy\Reports\Dump: El sistema no puede encontrar la ruta especificada. (0x3)
[0225/093054.231:ERROR:crash_report_database_win.cc(580)] CreateDirectory C:\Program Files (x86)\Setmy\Reports\Dump: El sistema no puede encontrar la ruta especificada. (0x3)
[0225/093054.247:ERROR:registration_protocol_win.cc(84)] TransactNamedPipe: Ha terminado la canalización. (0x6D)
[0225/093054.247:ERROR:crash_report_database_win.cc(580)] CreateDirectory C:\Program Files (x86)\Setmy\Reports\Dump: El sistema no puede encontrar la ruta especificada. (0x3)
[0225/095222.879:ERROR:crash_report_database_win.cc(580)] CreateDirectory C:\Program Files (x86)\Setmy\Reports\Dump: El sistema no puede encontrar la ruta especificada. (0x3)
[0225/095222.879:ERROR:registration_protocol_win.cc(84)] TransactNamedPipe: Ha terminado la canalización. (0x6D)
[0225/095222.895:ERROR:crash_report_database_win.cc(580)] CreateDirectory C:\Program Files (x86)\Setmy\Reports\Dump: El sistema no puede encontrar la ruta especificada. (0x3)
[0225/100556.227:ERROR:crash_report_database_win.cc(580)] CreateDirectory C:\Program Files (x86)\Setmy\Reports\Dump: El sistema no puede encontrar la ruta especificada. (0x3)
[0225/100556.243:ERROR:registration_protocol_win.cc(84)] TransactNamedPipe: Ha terminado la canalización. (0x6D)
[0225/100556.243:ERROR:crash_report_database_win.cc(580)] CreateDirectory C:\Program Files (x86)\Setmy\Reports\Dump: El sistema no puede encontrar la ruta especificada. (0x3)
[0225/102441.462:ERROR:crash_report_database_win.cc(580)] CreateDirectory C:\Program Files (x86)\Setmy\Reports\Dump: El sistema no puede encontrar la ruta especificada. (0x3)
[0225/102441.475:ERROR:registration_protocol_win.cc(84)] TransactNamedPipe: Ha terminado la canalización. (0x6D)
[0225/102441.479:ERROR:crash_report_database_win.cc(580)] CreateDirectory C:\Program Files (x86)\Setmy\Reports\Dump: El sistema no puede encontrar la ruta especificada. (0x3)
[0226/154452.290:ERROR:crash_report_database_win.cc(580)] CreateDirectory C:\Program Files (x86)\Setmy\Reports\Dump: El sistema no puede encontrar la ruta especificada. (0x3)
[0226/154452.334:ERROR:registration_protocol_win.cc(84)] TransactNamedPipe: Ha terminado la canalización. (0x6D)
[0226/154452.338:ERROR:crash_report_database_win.cc(580)] CreateDirectory C:\Program Files (x86)\Setmy\Reports\Dump: El sistema no puede encontrar la ruta especificada. (0x3)
[0226/154625.384:ERROR:crash_report_database_win.cc(580)] CreateDirectory C:\Program Files (x86)\Setmy\Reports\Dump: El sistema no puede encontrar la ruta especificada. (0x3)
[0226/154625.398:ERROR:registration_protocol_win.cc(84)] TransactNamedPipe: Ha terminado la canalización. (0x6D)
[0226/154625.400:ERROR:crash_report_database_win.cc(580)] CreateDirectory C:\Program Files (x86)\Setmy\Reports\Dump: El sistema no puede encontrar la ruta especificada. (0x3)
[0226/155215.043:ERROR:crash_report_database_win.cc(580)] CreateDirectory C:\Program Files (x86)\Setmy\Reports\Dump: El sistema no puede encontrar la ruta especificada. (0x3)
[0226/155215.052:ERROR:registration_protocol_win.cc(84)] TransactNamedPipe: Ha terminado la canalización. (0x6D)
[0226/155215.054:ERROR:crash_report_database_win.cc(580)] CreateDirectory C:\Program Files (x86)\Setmy\Reports\Dump: El sistema no puede encontrar la ruta especificada. (0x3)
[0226/155711.792:ERROR:crash_report_database_win.cc(580)] CreateDirectory C:\Program Files (x86)\Setmy\Reports\Dump: El sistema no puede encontrar la ruta especificada. (0x3)
[0226/155711.816:ERROR:registration_protocol_win.cc(84)] TransactNamedPipe: Ha terminado la canalización. (0x6D)
[0226/155711.820:ERROR:crash_report_database_win.cc(580)] CreateDirectory C:\Program Files (x86)\Setmy\Reports\Dump: El sistema no puede encontrar la ruta especificada. (0x3)
[0226/160411.133:ERROR:crash_report_database_win.cc(580)] CreateDirectory C:\Program Files (x86)\Setmy\Reports\Dump: El sistema no puede encontrar la ruta especificada. (0x3)
[0226/160411.157:ERROR:registration_protocol_win.cc(84)] TransactNamedPipe: Ha terminado la canalización. (0x6D)
[0226/160411.161:ERROR:crash_report_database_win.cc(580)] CreateDirectory C:\Program Files (x86)\Setmy\Reports\Dump: El sistema no puede encontrar la ruta especificada. (0x3)
[0226/160748.370:ERROR:crash_report_database_win.cc(580)] CreateDirectory C:\Program Files (x86)\Setmy\Reports\Dump: El sistema no puede encontrar la ruta especificada. (0x3)
[0226/160748.386:ERROR:registration_protocol_win.cc(84)] TransactNamedPipe: Ha terminado la canalización. (0x6D)
[0226/160748.390:ERROR:crash_report_database_win.cc(580)] CreateDirectory C:\Program Files (x86)\Setmy\Reports\Dump: El sistema no puede encontrar la ruta especificada. (0x3)
[0226/160948.031:ERROR:crash_report_database_win.cc(580)] CreateDirectory C:\Program Files (x86)\Setmy\Reports\Dump: El sistema no puede encontrar la ruta especificada. (0x3)
[0226/160948.046:ERROR:registration_protocol_win.cc(84)] TransactNamedPipe: Ha terminado la canalización. (0x6D)
[0226/160948.046:ERROR:crash_report_database_win.cc(580)] CreateDirectory C:\Program Files (x86)\Setmy\Reports\Dump: El sistema no puede encontrar la ruta especificada. (0x3)
[0226/161445.773:ERROR:crash_report_database_win.cc(580)] CreateDirectory C:\Program Files (x86)\Setmy\Reports\Dump: El sistema no puede encontrar la ruta especificada. (0x3)
[0226/161445.793:ERROR:registration_protocol_win.cc(84)] TransactNamedPipe: Ha terminado la canalización. (0x6D)
[0226/161445.797:ERROR:crash_report_database_win.cc(580)] CreateDirectory C:\Program Files (x86)\Setmy\Reports\Dump: El sistema no puede encontrar la ruta especificada. (0x3)
[0226/161852.465:ERROR:crash_report_database_win.cc(580)] CreateDirectory C:\Program Files (x86)\Setmy\Reports\Dump: El sistema no puede encontrar la ruta especificada. (0x3)
[0226/161852.487:ERROR:registration_protocol_win.cc(84)] TransactNamedPipe: Ha terminado la canalización. (0x6D)
[0226/161852.489:ERROR:crash_report_database_win.cc(580)] CreateDirectory C:\Program Files (x86)\Setmy\Reports\Dump: El sistema no puede encontrar la ruta especificada. (0x3)
[0226/162046.104:ERROR:crash_report_database_win.cc(580)] CreateDirectory C:\Program Files (x86)\Setmy\Reports\Dump: El sistema no puede encontrar la ruta especificada. (0x3)
[0226/162046.130:ERROR:registration_protocol_win.cc(84)] TransactNamedPipe: Ha terminado la canalización. (0x6D)
[0226/162046.132:ERROR:crash_report_database_win.cc(580)] CreateDirectory C:\Program Files (x86)\Setmy\Reports\Dump: El sistema no puede encontrar la ruta especificada. (0x3)
[0226/162130.415:ERROR:crash_report_database_win.cc(580)] CreateDirectory C:\Program Files (x86)\Setmy\Reports\Dump: El sistema no puede encontrar la ruta especificada. (0x3)
[0226/162130.436:ERROR:registration_protocol_win.cc(84)] TransactNamedPipe: Ha terminado la canalización. (0x6D)
[0226/162130.438:ERROR:crash_report_database_win.cc(580)] CreateDirectory C:\Program Files (x86)\Setmy\Reports\Dump: El sistema no puede encontrar la ruta especificada. (0x3)
[0226/162217.220:ERROR:crash_report_database_win.cc(580)] CreateDirectory C:\Program Files (x86)\Setmy\Reports\Dump: El sistema no puede encontrar la ruta especificada. (0x3)
[0226/162217.240:ERROR:registration_protocol_win.cc(84)] TransactNamedPipe: Ha terminado la canalización. (0x6D)
[0226/162217.241:ERROR:crash_report_database_win.cc(580)] CreateDirectory C:\Program Files (x86)\Setmy\Reports\Dump: El sistema no puede encontrar la ruta especificada. (0x3)
[0226/162236.819:ERROR:crash_report_database_win.cc(580)] CreateDirectory C:\Program Files (x86)\Setmy\Reports\Dump: El sistema no puede encontrar la ruta especificada. (0x3)
[0226/162236.834:ERROR:registration_protocol_win.cc(84)] TransactNamedPipe: Ha terminado la canalización. (0x6D)
[0226/162236.835:ERROR:crash_report_database_win.cc(580)] CreateDirectory C:\Program Files (x86)\Setmy\Reports\Dump: El sistema no puede encontrar la ruta especificada. (0x3)
[0226/162921.410:ERROR:crash_report_database_win.cc(580)] CreateDirectory C:\Program Files (x86)\Setmy\Reports\Dump: El sistema no puede encontrar la ruta especificada. (0x3)
[0226/162921.437:ERROR:registration_protocol_win.cc(84)] TransactNamedPipe: Ha terminado la canalización. (0x6D)
[0226/162921.438:ERROR:crash_report_database_win.cc(580)] CreateDirectory C:\Program Files (x86)\Setmy\Reports\Dump: El sistema no puede encontrar la ruta especificada. (0x3)
[0226/163826.921:ERROR:crash_report_database_win.cc(580)] CreateDirectory C:\Program Files (x86)\Setmy\Reports\Dump: El sistema no puede encontrar la ruta especificada. (0x3)
[0226/163826.935:ERROR:registration_protocol_win.cc(84)] TransactNamedPipe: Ha terminado la canalización. (0x6D)
[0226/163826.937:ERROR:crash_report_database_win.cc(580)] CreateDirectory C:\Program Files (x86)\Setmy\Reports\Dump: El sistema no puede encontrar la ruta especificada. (0x3)
[0226/164320.223:ERROR:crash_report_database_win.cc(580)] CreateDirectory C:\Program Files (x86)\Setmy\Reports\Dump: El sistema no puede encontrar la ruta especificada. (0x3)
[0226/164320.246:ERROR:registration_protocol_win.cc(84)] TransactNamedPipe: Ha terminado la canalización. (0x6D)
[0226/164320.248:ERROR:crash_report_database_win.cc(580)] CreateDirectory C:\Program Files (x86)\Setmy\Reports\Dump: El sistema no puede encontrar la ruta especificada. (0x3)
[0226/165009.454:ERROR:crash_report_database_win.cc(580)] CreateDirectory C:\Program Files (x86)\Setmy\Reports\Dump: El sistema no puede encontrar la ruta especificada. (0x3)
[0226/165009.476:ERROR:registration_protocol_win.cc(84)] TransactNamedPipe: Ha terminado la canalización. (0x6D)
[0226/165009.479:ERROR:crash_report_database_win.cc(580)] CreateDirectory C:\Program Files (x86)\Setmy\Reports\Dump: El sistema no puede encontrar la ruta especificada. (0x3)
[0226/165132.032:ERROR:crash_report_database_win.cc(580)] CreateDirectory C:\Program Files (x86)\Setmy\Reports\Dump: El sistema no puede encontrar la ruta especificada. (0x3)
[0226/165132.039:ERROR:registration_protocol_win.cc(84)] TransactNamedPipe: Ha terminado la canalización. (0x6D)
[0226/165132.041:ERROR:crash_report_database_win.cc(580)] CreateDirectory C:\Program Files (x86)\Setmy\Reports\Dump: El sistema no puede encontrar la ruta especificada. (0x3)
[0226/165742.539:ERROR:crash_report_database_win.cc(580)] CreateDirectory C:\Program Files (x86)\Setmy\Reports\Dump: El sistema no puede encontrar la ruta especificada. (0x3)
[0226/165742.555:ERROR:registration_protocol_win.cc(84)] TransactNamedPipe: Ha terminado la canalización. (0x6D)
[0226/165742.557:ERROR:crash_report_database_win.cc(580)] CreateDirectory C:\Program Files (x86)\Setmy\Reports\Dump: El sistema no puede encontrar la ruta especificada. (0x3)
[0226/165851.819:ERROR:crash_report_database_win.cc(580)] CreateDirectory C:\Program Files (x86)\Setmy\Reports\Dump: El sistema no puede encontrar la ruta especificada. (0x3)
[0226/165851.838:ERROR:registration_protocol_win.cc(84)] TransactNamedPipe: Ha terminado la canalización. (0x6D)
[0226/165851.839:ERROR:crash_report_database_win.cc(580)] CreateDirectory C:\Program Files (x86)\Setmy\Reports\Dump: El sistema no puede encontrar la ruta especificada. (0x3)
[0226/170012.535:ERROR:crash_report_database_win.cc(580)] CreateDirectory C:\Program Files (x86)\Setmy\Reports\Dump: El sistema no puede encontrar la ruta especificada. (0x3)
[0226/170012.557:ERROR:registration_protocol_win.cc(84)] TransactNamedPipe: Ha terminado la canalización. (0x6D)
[0226/170012.559:ERROR:crash_report_database_win.cc(580)] CreateDirectory C:\Program Files (x86)\Setmy\Reports\Dump: El sistema no puede encontrar la ruta especificada. (0x3)
[0226/170432.594:ERROR:crash_report_database_win.cc(580)] CreateDirectory C:\Program Files (x86)\Setmy\Reports\Dump: El sistema no puede encontrar la ruta especificada. (0x3)
[0226/170432.630:ERROR:registration_protocol_win.cc(84)] TransactNamedPipe: Ha terminado la canalización. (0x6D)
[0226/170432.632:ERROR:crash_report_database_win.cc(580)] CreateDirectory C:\Program Files (x86)\Setmy\Reports\Dump: El sistema no puede encontrar la ruta especificada. (0x3)
[0226/171110.247:ERROR:crash_report_database_win.cc(580)] CreateDirectory C:\Program Files (x86)\Setmy\Reports\Dump: El sistema no puede encontrar la ruta especificada. (0x3)
[0226/171110.266:ERROR:registration_protocol_win.cc(84)] TransactNamedPipe: Ha terminado la canalización. (0x6D)
[0226/171110.268:ERROR:crash_report_database_win.cc(580)] CreateDirectory C:\Program Files (x86)\Setmy\Reports\Dump: El sistema no puede encontrar la ruta especificada. (0x3)
[0226/171901.436:ERROR:crash_report_database_win.cc(580)] CreateDirectory C:\Program Files (x86)\Setmy\Reports\Dump: El sistema no puede encontrar la ruta especificada. (0x3)
[0226/171901.458:ERROR:registration_protocol_win.cc(84)] TransactNamedPipe: Ha terminado la canalización. (0x6D)
[0226/171901.460:ERROR:crash_report_database_win.cc(580)] CreateDirectory C:\Program Files (x86)\Setmy\Reports\Dump: El sistema no puede encontrar la ruta especificada. (0x3)
[0226/172404.938:ERROR:crash_report_database_win.cc(580)] CreateDirectory C:\Program Files (x86)\Setmy\Reports\Dump: El sistema no puede encontrar la ruta especificada. (0x3)
[0226/172404.957:ERROR:registration_protocol_win.cc(84)] TransactNamedPipe: Ha terminado la canalización. (0x6D)
[0226/172404.958:ERROR:crash_report_database_win.cc(580)] CreateDirectory C:\Program Files (x86)\Setmy\Reports\Dump: El sistema no puede encontrar la ruta especificada. (0x3)
[0226/172738.068:ERROR:crash_report_database_win.cc(580)] CreateDirectory C:\Program Files (x86)\Setmy\Reports\Dump: El sistema no puede encontrar la ruta especificada. (0x3)
[0226/172738.090:ERROR:registration_protocol_win.cc(84)] TransactNamedPipe: Ha terminado la canalización. (0x6D)
[0226/172738.091:ERROR:crash_report_database_win.cc(580)] CreateDirectory C:\Program Files (x86)\Setmy\Reports\Dump: El sistema no puede encontrar la ruta especificada. (0x3)
[0226/172848.254:ERROR:crash_report_database_win.cc(580)] CreateDirectory C:\Program Files (x86)\Setmy\Reports\Dump: El sistema no puede encontrar la ruta especificada. (0x3)
[0226/172848.272:ERROR:registration_protocol_win.cc(84)] TransactNamedPipe: Ha terminado la canalización. (0x6D)
[0226/172848.274:ERROR:crash_report_database_win.cc(580)] CreateDirectory C:\Program Files (x86)\Setmy\Reports\Dump: El sistema no puede encontrar la ruta especificada. (0x3)
[0226/172956.791:ERROR:crash_report_database_win.cc(580)] CreateDirectory C:\Program Files (x86)\Setmy\Reports\Dump: El sistema no puede encontrar la ruta especificada. (0x3)
[0226/172956.816:ERROR:registration_protocol_win.cc(84)] TransactNamedPipe: Ha terminado la canalización. (0x6D)
[0226/172956.817:ERROR:crash_report_database_win.cc(580)] CreateDirectory C:\Program Files (x86)\Setmy\Reports\Dump: El sistema no puede encontrar la ruta especificada. (0x3)
[0226/173159.955:ERROR:crash_report_database_win.cc(580)] CreateDirectory C:\Program Files (x86)\Setmy\Reports\Dump: El sistema no puede encontrar la ruta especificada. (0x3)
[0226/173159.976:ERROR:registration_protocol_win.cc(84)] TransactNamedPipe: Ha terminado la canalización. (0x6D)
[0226/173159.978:ERROR:crash_report_database_win.cc(580)] CreateDirectory C:\Program Files (x86)\Setmy\Reports\Dump: El sistema no puede encontrar la ruta especificada. (0x3)
[0226/174258.507:ERROR:crash_report_database_win.cc(580)] CreateDirectory C:\Program Files (x86)\Setmy\Reports\Dump: El sistema no puede encontrar la ruta especificada. (0x3)
[0226/174258.528:ERROR:registration_protocol_win.cc(84)] TransactNamedPipe: Ha terminado la canalización. (0x6D)
[0226/174258.529:ERROR:crash_report_database_win.cc(580)] CreateDirectory C:\Program Files (x86)\Setmy\Reports\Dump: El sistema no puede encontrar la ruta especificada. (0x3)
[0226/174359.822:ERROR:crash_report_database_win.cc(580)] CreateDirectory C:\Program Files (x86)\Setmy\Reports\Dump: El sistema no puede encontrar la ruta especificada. (0x3)
[0226/174359.841:ERROR:registration_protocol_win.cc(84)] TransactNamedPipe: Ha terminado la canalización. (0x6D)
[0226/174359.843:ERROR:crash_report_database_win.cc(580)] CreateDirectory C:\Program Files (x86)\Setmy\Reports\Dump: El sistema no puede encontrar la ruta especificada. (0x3)
[0226/174653.568:ERROR:crash_report_database_win.cc(580)] CreateDirectory C:\Program Files (x86)\Setmy\Reports\Dump: El sistema no puede encontrar la ruta especificada. (0x3)
[0226/174653.588:ERROR:registration_protocol_win.cc(84)] TransactNamedPipe: Ha terminado la canalización. (0x6D)
[0226/174653.590:ERROR:crash_report_database_win.cc(580)] CreateDirectory C:\Program Files (x86)\Setmy\Reports\Dump: El sistema no puede encontrar la ruta especificada. (0x3)
[0226/174857.810:ERROR:crash_report_database_win.cc(580)] CreateDirectory C:\Program Files (x86)\Setmy\Reports\Dump: El sistema no puede encontrar la ruta especificada. (0x3)
[0226/174857.842:ERROR:registration_protocol_win.cc(84)] TransactNamedPipe: Ha terminado la canalización. (0x6D)
[0226/174857.844:ERROR:crash_report_database_win.cc(580)] CreateDirectory C:\Program Files (x86)\Setmy\Reports\Dump: El sistema no puede encontrar la ruta especificada. (0x3)
[0226/174931.349:ERROR:crash_report_database_win.cc(580)] CreateDirectory C:\Program Files (x86)\Setmy\Reports\Dump: El sistema no puede encontrar la ruta especificada. (0x3)
[0226/174931.367:ERROR:registration_protocol_win.cc(84)] TransactNamedPipe: Ha terminado la canalización. (0x6D)
[0226/174931.369:ERROR:crash_report_database_win.cc(580)] CreateDirectory C:\Program Files (x86)\Setmy\Reports\Dump: El sistema no puede encontrar la ruta especificada. (0x3)
[0226/175013.474:ERROR:crash_report_database_win.cc(580)] CreateDirectory C:\Program Files (x86)\Setmy\Reports\Dump: El sistema no puede encontrar la ruta especificada. (0x3)
[0226/175013.493:ERROR:registration_protocol_win.cc(84)] TransactNamedPipe: Ha terminado la canalización. (0x6D)
[0226/175013.494:ERROR:crash_report_database_win.cc(580)] CreateDirectory C:\Program Files (x86)\Setmy\Reports\Dump: El sistema no puede encontrar la ruta especificada. (0x3)
[0226/175205.293:ERROR:crash_report_database_win.cc(580)] CreateDirectory C:\Program Files (x86)\Setmy\Reports\Dump: El sistema no puede encontrar la ruta especificada. (0x3)
[0226/175205.308:ERROR:registration_protocol_win.cc(84)] TransactNamedPipe: Ha terminado la canalización. (0x6D)
[0226/175205.309:ERROR:crash_report_database_win.cc(580)] CreateDirectory C:\Program Files (x86)\Setmy\Reports\Dump: El sistema no puede encontrar la ruta especificada. (0x3)
[0226/175323.130:ERROR:crash_report_database_win.cc(580)] CreateDirectory C:\Program Files (x86)\Setmy\Reports\Dump: El sistema no puede encontrar la ruta especificada. (0x3)
[0226/175323.156:ERROR:registration_protocol_win.cc(84)] TransactNamedPipe: Ha terminado la canalización. (0x6D)
[0226/175323.160:ERROR:crash_report_database_win.cc(580)] CreateDirectory C:\Program Files (x86)\Setmy\Reports\Dump: El sistema no puede encontrar la ruta especificada. (0x3)
[0226/175402.619:ERROR:crash_report_database_win.cc(580)] CreateDirectory C:\Program Files (x86)\Setmy\Reports\Dump: El sistema no puede encontrar la ruta especificada. (0x3)
[0226/175402.638:ERROR:registration_protocol_win.cc(84)] TransactNamedPipe: Ha terminado la canalización. (0x6D)
[0226/175402.640:ERROR:crash_report_database_win.cc(580)] CreateDirectory C:\Program Files (x86)\Setmy\Reports\Dump: El sistema no puede encontrar la ruta especificada. (0x3)
[0226/175545.567:ERROR:crash_report_database_win.cc(580)] CreateDirectory C:\Program Files (x86)\Setmy\Reports\Dump: El sistema no puede encontrar la ruta especificada. (0x3)
[0226/175545.590:ERROR:registration_protocol_win.cc(84)] TransactNamedPipe: Ha terminado la canalización. (0x6D)
[0226/175545.592:ERROR:crash_report_database_win.cc(580)] CreateDirectory C:\Program Files (x86)\Setmy\Reports\Dump: El sistema no puede encontrar la ruta especificada. (0x3)
[0226/175720.542:ERROR:crash_report_database_win.cc(580)] CreateDirectory C:\Program Files (x86)\Setmy\Reports\Dump: El sistema no puede encontrar la ruta especificada. (0x3)
[0226/175720.574:ERROR:registration_protocol_win.cc(84)] TransactNamedPipe: Ha terminado la canalización. (0x6D)
[0226/175720.576:ERROR:crash_report_database_win.cc(580)] CreateDirectory C:\Program Files (x86)\Setmy\Reports\Dump: El sistema no puede encontrar la ruta especificada. (0x3)
[0226/175802.342:ERROR:crash_report_database_win.cc(580)] CreateDirectory C:\Program Files (x86)\Setmy\Reports\Dump: El sistema no puede encontrar la ruta especificada. (0x3)
[0226/175802.369:ERROR:registration_protocol_win.cc(84)] TransactNamedPipe: Ha terminado la canalización. (0x6D)
[0226/175802.371:ERROR:crash_report_database_win.cc(580)] CreateDirectory C:\Program Files (x86)\Setmy\Reports\Dump: El sistema no puede encontrar la ruta especificada. (0x3)
[0226/175854.204:ERROR:crash_report_database_win.cc(580)] CreateDirectory C:\Program Files (x86)\Setmy\Reports\Dump: El sistema no puede encontrar la ruta especificada. (0x3)
[0226/175854.235:ERROR:registration_protocol_win.cc(84)] TransactNamedPipe: Ha terminado la canalización. (0x6D)
[0226/175854.237:ERROR:crash_report_database_win.cc(580)] CreateDirectory C:\Program Files (x86)\Setmy\Reports\Dump: El sistema no puede encontrar la ruta especificada. (0x3)
[0226/180051.961:ERROR:crash_report_database_win.cc(580)] CreateDirectory C:\Program Files (x86)\Setmy\Reports\Dump: El sistema no puede encontrar la ruta especificada. (0x3)
[0226/180051.984:ERROR:registration_protocol_win.cc(84)] TransactNamedPipe: Ha terminado la canalización. (0x6D)
[0226/180051.985:ERROR:crash_report_database_win.cc(580)] CreateDirectory C:\Program Files (x86)\Setmy\Reports\Dump: El sistema no puede encontrar la ruta especificada. (0x3)
[0226/180122.094:ERROR:crash_report_database_win.cc(580)] CreateDirectory C:\Program Files (x86)\Setmy\Reports\Dump: El sistema no puede encontrar la ruta especificada. (0x3)
[0226/180122.118:ERROR:registration_protocol_win.cc(84)] TransactNamedPipe: Ha terminado la canalización. (0x6D)
[0226/180122.120:ERROR:crash_report_database_win.cc(580)] CreateDirectory C:\Program Files (x86)\Setmy\Reports\Dump: El sistema no puede encontrar la ruta especificada. (0x3)
[0226/180158.222:ERROR:crash_report_database_win.cc(580)] CreateDirectory C:\Program Files (x86)\Setmy\Reports\Dump: El sistema no puede encontrar la ruta especificada. (0x3)
[0226/180158.241:ERROR:registration_protocol_win.cc(84)] TransactNamedPipe: Ha terminado la canalización. (0x6D)
[0226/180158.243:ERROR:crash_report_database_win.cc(580)] CreateDirectory C:\Program Files (x86)\Setmy\Reports\Dump: El sistema no puede encontrar la ruta especificada. (0x3)
[0226/180229.744:ERROR:crash_report_database_win.cc(580)] CreateDirectory C:\Program Files (x86)\Setmy\Reports\Dump: El sistema no puede encontrar la ruta especificada. (0x3)
[0226/180229.763:ERROR:registration_protocol_win.cc(84)] TransactNamedPipe: Ha terminado la canalización. (0x6D)
[0226/180229.765:ERROR:crash_report_database_win.cc(580)] CreateDirectory C:\Program Files (x86)\Setmy\Reports\Dump: El sistema no puede encontrar la ruta especificada. (0x3)
[0226/180647.623:ERROR:crash_report_database_win.cc(580)] CreateDirectory C:\Program Files (x86)\Setmy\Reports\Dump: El sistema no puede encontrar la ruta especificada. (0x3)
[0226/180647.650:ERROR:registration_protocol_win.cc(84)] TransactNamedPipe: Ha terminado la canalización. (0x6D)
[0226/180647.651:ERROR:crash_report_database_win.cc(580)] CreateDirectory C:\Program Files (x86)\Setmy\Reports\Dump: El sistema no puede encontrar la ruta especificada. (0x3)
[0226/180710.361:ERROR:crash_report_database_win.cc(580)] CreateDirectory C:\Program Files (x86)\Setmy\Reports\Dump: El sistema no puede encontrar la ruta especificada. (0x3)
[0226/180710.376:ERROR:registration_protocol_win.cc(84)] TransactNamedPipe: Ha terminado la canalización. (0x6D)
[0226/180710.378:ERROR:crash_report_database_win.cc(580)] CreateDirectory C:\Program Files (x86)\Setmy\Reports\Dump: El sistema no puede encontrar la ruta especificada. (0x3)
[0226/180903.084:ERROR:crash_report_database_win.cc(580)] CreateDirectory C:\Program Files (x86)\Setmy\Reports\Dump: El sistema no puede encontrar la ruta especificada. (0x3)
[0226/180903.103:ERROR:registration_protocol_win.cc(84)] TransactNamedPipe: Ha terminado la canalización. (0x6D)
[0226/180903.104:ERROR:crash_report_database_win.cc(580)] CreateDirectory C:\Program Files (x86)\Setmy\Reports\Dump: El sistema no puede encontrar la ruta especificada. (0x3)
[0226/185021.550:ERROR:crash_report_database_win.cc(580)] CreateDirectory C:\Program Files (x86)\Setmy\Reports\Dump: El sistema no puede encontrar la ruta especificada. (0x3)
[0226/185021.580:ERROR:registration_protocol_win.cc(84)] TransactNamedPipe: Ha terminado la canalización. (0x6D)
[0226/185021.582:ERROR:crash_report_database_win.cc(580)] CreateDirectory C:\Program Files (x86)\Setmy\Reports\Dump: El sistema no puede encontrar la ruta especificada. (0x3)
[0226/212302.220:ERROR:crash_report_database_win.cc(580)] CreateDirectory C:\Program Files (x86)\Setmy\Reports\Dump: El sistema no puede encontrar la ruta especificada. (0x3)
[0226/212302.252:ERROR:registration_protocol_win.cc(84)] TransactNamedPipe: Ha terminado la canalización. (0x6D)
[0226/212302.252:ERROR:crash_report_database_win.cc(580)] CreateDirectory C:\Program Files (x86)\Setmy\Reports\Dump: El sistema no puede encontrar la ruta especificada. (0x3)
[0302/082808:ERROR:crash_report_database_win.cc(562)] CreateDirectory C:\Program Files (x86)\Setmy\Reports\Dump: El sistema no puede encontrar la ruta especificada. (0x3)
[0302/082808:ERROR:registration_protocol_win.cc(82)] TransactNamedPipe: Ha terminado la canalización. (0x6D)
[0302/082808:ERROR:crash_report_database_win.cc(562)] CreateDirectory C:\Program Files (x86)\Setmy\Reports\Dump: El sistema no puede encontrar la ruta especificada. (0x3)
[0302/083426.680:ERROR:crash_report_database_win.cc(580)] CreateDirectory C:\Program Files (x86)\Setmy\Reports\Dump: El sistema no puede encontrar la ruta especificada. (0x3)
[0302/083426.711:ERROR:registration_protocol_win.cc(84)] TransactNamedPipe: Ha terminado la canalización. (0x6D)
[0302/083426.711:ERROR:crash_report_database_win.cc(580)] CreateDirectory C:\Program Files (x86)\Setmy\Reports\Dump: El sistema no puede encontrar la ruta especificada. (0x3)
[0302/085103.310:ERROR:crash_report_database_win.cc(580)] CreateDirectory C:\Program Files (x86)\Setmy\Reports\Dump: El sistema no puede encontrar la ruta especificada. (0x3)
[0302/085103.327:ERROR:registration_protocol_win.cc(84)] TransactNamedPipe: Ha terminado la canalización. (0x6D)
[0302/085103.328:ERROR:crash_report_database_win.cc(580)] CreateDirectory C:\Program Files (x86)\Setmy\Reports\Dump: El sistema no puede encontrar la ruta especificada. (0x3)
[0302/085210.154:ERROR:crash_report_database_win.cc(580)] CreateDirectory C:\Program Files (x86)\Setmy\Reports\Dump: El sistema no puede encontrar la ruta especificada. (0x3)
[0302/085210.174:ERROR:registration_protocol_win.cc(84)] TransactNamedPipe: Ha terminado la canalización. (0x6D)
[0302/085210.176:ERROR:crash_report_database_win.cc(580)] CreateDirectory C:\Program Files (x86)\Setmy\Reports\Dump: El sistema no puede encontrar la ruta especificada. (0x3)
[0302/085248.007:ERROR:crash_report_database_win.cc(580)] CreateDirectory C:\Program Files (x86)\Setmy\Reports\Dump: El sistema no puede encontrar la ruta especificada. (0x3)
[0302/085248.027:ERROR:registration_protocol_win.cc(84)] TransactNamedPipe: Ha terminado la canalización. (0x6D)
[0302/085248.027:ERROR:crash_report_database_win.cc(580)] CreateDirectory C:\Program Files (x86)\Setmy\Reports\Dump: El sistema no puede encontrar la ruta especificada. (0x3)
[0302/085320.375:ERROR:crash_report_database_win.cc(580)] CreateDirectory C:\Program Files (x86)\Setmy\Reports\Dump: El sistema no puede encontrar la ruta especificada. (0x3)
[0302/085320.391:ERROR:registration_protocol_win.cc(84)] TransactNamedPipe: Ha terminado la canalización. (0x6D)
[0302/085320.395:ERROR:crash_report_database_win.cc(580)] CreateDirectory C:\Program Files (x86)\Setmy\Reports\Dump: El sistema no puede encontrar la ruta especificada. (0x3)
[0302/085350.995:ERROR:crash_report_database_win.cc(580)] CreateDirectory C:\Program Files (x86)\Setmy\Reports\Dump: El sistema no puede encontrar la ruta especificada. (0x3)
[0302/085351.014:ERROR:registration_protocol_win.cc(84)] TransactNamedPipe: Ha terminado la canalización. (0x6D)
[0302/085351.016:ERROR:crash_report_database_win.cc(580)] CreateDirectory C:\Program Files (x86)\Setmy\Reports\Dump: El sistema no puede encontrar la ruta especificada. (0x3)
[0302/085444.461:ERROR:crash_report_database_win.cc(580)] CreateDirectory C:\Program Files (x86)\Setmy\Reports\Dump: El sistema no puede encontrar la ruta especificada. (0x3)
[0302/085444.477:ERROR:registration_protocol_win.cc(84)] TransactNamedPipe: Ha terminado la canalización. (0x6D)
[0302/085444.477:ERROR:crash_report_database_win.cc(580)] CreateDirectory C:\Program Files (x86)\Setmy\Reports\Dump: El sistema no puede encontrar la ruta especificada. (0x3)
[0302/085625.661:ERROR:crash_report_database_win.cc(580)] CreateDirectory C:\Program Files (x86)\Setmy\Reports\Dump: El sistema no puede encontrar la ruta especificada. (0x3)
[0302/085625.677:ERROR:registration_protocol_win.cc(84)] TransactNamedPipe: Ha terminado la canalización. (0x6D)
[0302/085625.682:ERROR:crash_report_database_win.cc(580)] CreateDirectory C:\Program Files (x86)\Setmy\Reports\Dump: El sistema no puede encontrar la ruta especificada. (0x3)
[0302/085728.030:ERROR:crash_report_database_win.cc(580)] CreateDirectory C:\Program Files (x86)\Setmy\Reports\Dump: El sistema no puede encontrar la ruta especificada. (0x3)
[0302/085728.050:ERROR:registration_protocol_win.cc(84)] TransactNamedPipe: Ha terminado la canalización. (0x6D)
[0302/085728.050:ERROR:crash_report_database_win.cc(580)] CreateDirectory C:\Program Files (x86)\Setmy\Reports\Dump: El sistema no puede encontrar la ruta especificada. (0x3)
[0302/090015.118:ERROR:crash_report_database_win.cc(580)] CreateDirectory C:\Program Files (x86)\Setmy\Reports\Dump: El sistema no puede encontrar la ruta especificada. (0x3)
[0302/090015.138:ERROR:registration_protocol_win.cc(84)] TransactNamedPipe: Ha terminado la canalización. (0x6D)
[0302/090015.138:ERROR:crash_report_database_win.cc(580)] CreateDirectory C:\Program Files (x86)\Setmy\Reports\Dump: El sistema no puede encontrar la ruta especificada. (0x3)
[0302/090334.410:ERROR:crash_report_database_win.cc(580)] CreateDirectory C:\Program Files (x86)\Setmy\Reports\Dump: El sistema no puede encontrar la ruta especificada. (0x3)
[0302/090334.426:ERROR:registration_protocol_win.cc(84)] TransactNamedPipe: Ha terminado la canalización. (0x6D)
[0302/090334.426:ERROR:crash_report_database_win.cc(580)] CreateDirectory C:\Program Files (x86)\Setmy\Reports\Dump: El sistema no puede encontrar la ruta especificada. (0x3)
[0302/094520.474:ERROR:crash_report_database_win.cc(580)] CreateDirectory C:\Program Files (x86)\Setmy\Reports\Dump: El sistema no puede encontrar la ruta especificada. (0x3)
[0302/094520.488:ERROR:registration_protocol_win.cc(84)] TransactNamedPipe: Ha terminado la canalización. (0x6D)
[0302/094520.490:ERROR:crash_report_database_win.cc(580)] CreateDirectory C:\Program Files (x86)\Setmy\Reports\Dump: El sistema no puede encontrar la ruta especificada. (0x3)
[0302/094607.244:ERROR:crash_report_database_win.cc(580)] CreateDirectory C:\Program Files (x86)\Setmy\Reports\Dump: El sistema no puede encontrar la ruta especificada. (0x3)
[0302/094607.264:ERROR:registration_protocol_win.cc(84)] TransactNamedPipe: Ha terminado la canalización. (0x6D)
[0302/094607.268:ERROR:crash_report_database_win.cc(580)] CreateDirectory C:\Program Files (x86)\Setmy\Reports\Dump: El sistema no puede encontrar la ruta especificada. (0x3)
[0302/094636.328:ERROR:crash_report_database_win.cc(580)] CreateDirectory C:\Program Files (x86)\Setmy\Reports\Dump: El sistema no puede encontrar la ruta especificada. (0x3)
[0302/094636.345:ERROR:registration_protocol_win.cc(84)] TransactNamedPipe: Ha terminado la canalización. (0x6D)
[0302/094636.345:ERROR:crash_report_database_win.cc(580)] CreateDirectory C:\Program Files (x86)\Setmy\Reports\Dump: El sistema no puede encontrar la ruta especificada. (0x3)
[0302/094709.234:ERROR:crash_report_database_win.cc(580)] CreateDirectory C:\Program Files (x86)\Setmy\Reports\Dump: El sistema no puede encontrar la ruta especificada. (0x3)
[0302/094709.250:ERROR:registration_protocol_win.cc(84)] TransactNamedPipe: Ha terminado la canalización. (0x6D)
[0302/094709.250:ERROR:crash_report_database_win.cc(580)] CreateDirectory C:\Program Files (x86)\Setmy\Reports\Dump: El sistema no puede encontrar la ruta especificada. (0x3)
[0302/094726.990:ERROR:crash_report_database_win.cc(580)] CreateDirectory C:\Program Files (x86)\Setmy\Reports\Dump: El sistema no puede encontrar la ruta especificada. (0x3)
[0302/094727.014:ERROR:registration_protocol_win.cc(84)] TransactNamedPipe: Ha terminado la canalización. (0x6D)
[0302/094727.014:ERROR:crash_report_database_win.cc(580)] CreateDirectory C:\Program Files (x86)\Setmy\Reports\Dump: El sistema no puede encontrar la ruta especificada. (0x3)
[0302/095226.870:ERROR:crash_report_database_win.cc(580)] CreateDirectory C:\Program Files (x86)\Setmy\Reports\Dump: El sistema no puede encontrar la ruta especificada. (0x3)
[0302/095226.885:ERROR:registration_protocol_win.cc(84)] TransactNamedPipe: Ha terminado la canalización. (0x6D)
[0302/095226.885:ERROR:crash_report_database_win.cc(580)] CreateDirectory C:\Program Files (x86)\Setmy\Reports\Dump: El sistema no puede encontrar la ruta especificada. (0x3)
[0302/095402.141:ERROR:crash_report_database_win.cc(580)] CreateDirectory C:\Program Files (x86)\Setmy\Reports\Dump: El sistema no puede encontrar la ruta especificada. (0x3)
[0302/095402.156:ERROR:registration_protocol_win.cc(84)] TransactNamedPipe: Ha terminado la canalización. (0x6D)
[0302/095402.156:ERROR:crash_report_database_win.cc(580)] CreateDirectory C:\Program Files (x86)\Setmy\Reports\Dump: El sistema no puede encontrar la ruta especificada. (0x3)
[0302/095432.737:ERROR:crash_report_database_win.cc(580)] CreateDirectory C:\Program Files (x86)\Setmy\Reports\Dump: El sistema no puede encontrar la ruta especificada. (0x3)
[0302/095432.752:ERROR:registration_protocol_win.cc(84)] TransactNamedPipe: Ha terminado la canalización. (0x6D)
[0302/095432.752:ERROR:crash_report_database_win.cc(580)] CreateDirectory C:\Program Files (x86)\Setmy\Reports\Dump: El sistema no puede encontrar la ruta especificada. (0x3)
[0302/095518.779:ERROR:crash_report_database_win.cc(580)] CreateDirectory C:\Program Files (x86)\Setmy\Reports\Dump: El sistema no puede encontrar la ruta especificada. (0x3)
[0302/095518.794:ERROR:registration_protocol_win.cc(84)] TransactNamedPipe: Ha terminado la canalización. (0x6D)
[0302/095518.794:ERROR:crash_report_database_win.cc(580)] CreateDirectory C:\Program Files (x86)\Setmy\Reports\Dump: El sistema no puede encontrar la ruta especificada. (0x3)
[0302/095623.236:ERROR:crash_report_database_win.cc(580)] CreateDirectory C:\Program Files (x86)\Setmy\Reports\Dump: El sistema no puede encontrar la ruta especificada. (0x3)
[0302/095623.248:ERROR:registration_protocol_win.cc(84)] TransactNamedPipe: Ha terminado la canalización. (0x6D)
[0302/095623.280:ERROR:crash_report_database_win.cc(580)] CreateDirectory C:\Program Files (x86)\Setmy\Reports\Dump: El sistema no puede encontrar la ruta especificada. (0x3)
[0302/095729.632:ERROR:crash_report_database_win.cc(580)] CreateDirectory C:\Program Files (x86)\Setmy\Reports\Dump: El sistema no puede encontrar la ruta especificada. (0x3)
[0302/095729.640:ERROR:registration_protocol_win.cc(84)] TransactNamedPipe: Ha terminado la canalización. (0x6D)
[0302/095729.656:ERROR:crash_report_database_win.cc(580)] CreateDirectory C:\Program Files (x86)\Setmy\Reports\Dump: El sistema no puede encontrar la ruta especificada. (0x3)
[0302/095826.371:ERROR:crash_report_database_win.cc(580)] CreateDirectory C:\Program Files (x86)\Setmy\Reports\Dump: El sistema no puede encontrar la ruta especificada. (0x3)
[0302/095826.418:ERROR:registration_protocol_win.cc(84)] TransactNamedPipe: Ha terminado la canalización. (0x6D)
[0302/095826.418:ERROR:crash_report_database_win.cc(580)] CreateDirectory C:\Program Files (x86)\Setmy\Reports\Dump: El sistema no puede encontrar la ruta especificada. (0x3)
[0302/100244.280:ERROR:crash_report_database_win.cc(580)] CreateDirectory C:\Program Files (x86)\Setmy\Reports\Dump: El sistema no puede encontrar la ruta especificada. (0x3)
[0302/100244.295:ERROR:registration_protocol_win.cc(84)] TransactNamedPipe: Ha terminado la canalización. (0x6D)
[0302/100244.295:ERROR:crash_report_database_win.cc(580)] CreateDirectory C:\Program Files (x86)\Setmy\Reports\Dump: El sistema no puede encontrar la ruta especificada. (0x3)
[0302/100321.169:ERROR:crash_report_database_win.cc(580)] CreateDirectory C:\Program Files (x86)\Setmy\Reports\Dump: El sistema no puede encontrar la ruta especificada. (0x3)
[0302/100321.181:ERROR:registration_protocol_win.cc(84)] TransactNamedPipe: Ha terminado la canalización. (0x6D)
[0302/100321.181:ERROR:crash_report_database_win.cc(580)] CreateDirectory C:\Program Files (x86)\Setmy\Reports\Dump: El sistema no puede encontrar la ruta especificada. (0x3)
[0302/100428.145:ERROR:crash_report_database_win.cc(580)] CreateDirectory C:\Program Files (x86)\Setmy\Reports\Dump: El sistema no puede encontrar la ruta especificada. (0x3)
[0302/100428.187:ERROR:registration_protocol_win.cc(84)] TransactNamedPipe: Ha terminado la canalización. (0x6D)
[0302/100428.201:ERROR:crash_report_database_win.cc(580)] CreateDirectory C:\Program Files (x86)\Setmy\Reports\Dump: El sistema no puede encontrar la ruta especificada. (0x3)
[0302/100646.114:ERROR:crash_report_database_win.cc(580)] CreateDirectory C:\Program Files (x86)\Setmy\Reports\Dump: El sistema no puede encontrar la ruta especificada. (0x3)
[0302/100646.141:ERROR:registration_protocol_win.cc(84)] TransactNamedPipe: Ha terminado la canalización. (0x6D)
[0302/100646.144:ERROR:crash_report_database_win.cc(580)] CreateDirectory C:\Program Files (x86)\Setmy\Reports\Dump: El sistema no puede encontrar la ruta especificada. (0x3)
[0302/100733.277:ERROR:crash_report_database_win.cc(580)] CreateDirectory C:\Program Files (x86)\Setmy\Reports\Dump: El sistema no puede encontrar la ruta especificada. (0x3)
[0302/100733.369:ERROR:registration_protocol_win.cc(84)] TransactNamedPipe: Ha terminado la canalización. (0x6D)
[0302/100733.377:ERROR:crash_report_database_win.cc(580)] CreateDirectory C:\Program Files (x86)\Setmy\Reports\Dump: El sistema no puede encontrar la ruta especificada. (0x3)
[0302/100846.471:ERROR:crash_report_database_win.cc(580)] CreateDirectory C:\Program Files (x86)\Setmy\Reports\Dump: El sistema no puede encontrar la ruta especificada. (0x3)
[0302/100846.515:ERROR:registration_protocol_win.cc(84)] TransactNamedPipe: Ha terminado la canalización. (0x6D)
[0302/100846.517:ERROR:crash_report_database_win.cc(580)] CreateDirectory C:\Program Files (x86)\Setmy\Reports\Dump: El sistema no puede encontrar la ruta especificada. (0x3)
[0302/134519.067:ERROR:crash_report_database_win.cc(580)] CreateDirectory C:\Program Files (x86)\Setmy\Reports\Dump: El sistema no puede encontrar la ruta especificada. (0x3)
[0302/134519.105:ERROR:registration_protocol_win.cc(84)] TransactNamedPipe: Ha terminado la canalización. (0x6D)
[0302/134519.107:ERROR:crash_report_database_win.cc(580)] CreateDirectory C:\Program Files (x86)\Setmy\Reports\Dump: El sistema no puede encontrar la ruta especificada. (0x3)
[0302/203621:ERROR:crash_report_database_win.cc(562)] CreateDirectory C:\Program Files (x86)\Setmy\Reports\Dump: El sistema no puede encontrar la ruta especificada. (0x3)
[0302/203621:ERROR:registration_protocol_win.cc(82)] TransactNamedPipe: Ha terminado la canalización. (0x6D)
[0302/203621:ERROR:crash_report_database_win.cc(562)] CreateDirectory C:\Program Files (x86)\Setmy\Reports\Dump: El sistema no puede encontrar la ruta especificada. (0x3)
[0302/210605.723:ERROR:crash_report_database_win.cc(580)] CreateDirectory C:\Program Files (x86)\Setmy\Reports\Dump: El sistema no puede encontrar la ruta especificada. (0x3)
[0302/210605.774:ERROR:registration_protocol_win.cc(84)] TransactNamedPipe: Ha terminado la canalización. (0x6D)
[0302/210605.775:ERROR:crash_report_database_win.cc(580)] CreateDirectory C:\Program Files (x86)\Setmy\Reports\Dump: El sistema no puede encontrar la ruta especificada. (0x3)
[0302/210642.889:ERROR:crash_report_database_win.cc(580)] CreateDirectory C:\Program Files (x86)\Setmy\Reports\Dump: El sistema no puede encontrar la ruta especificada. (0x3)
[0302/210642.903:ERROR:registration_protocol_win.cc(84)] TransactNamedPipe: Ha terminado la canalización. (0x6D)
[0302/210642.904:ERROR:crash_report_database_win.cc(580)] CreateDirectory C:\Program Files (x86)\Setmy\Reports\Dump: El sistema no puede encontrar la ruta especificada. (0x3)
[0302/211045:ERROR:crash_report_database_win.cc(562)] CreateDirectory C:\Program Files (x86)\Setmy\Reports\Dump: El sistema no puede encontrar la ruta especificada. (0x3)
[0302/211045:ERROR:registration_protocol_win.cc(82)] TransactNamedPipe: Ha terminado la canalización. (0x6D)
[0302/211045:ERROR:crash_report_database_win.cc(562)] CreateDirectory C:\Program Files (x86)\Setmy\Reports\Dump: El sistema no puede encontrar la ruta especificada. (0x3)
[0302/211134.846:ERROR:crash_report_database_win.cc(580)] CreateDirectory C:\Program Files (x86)\Setmy\Reports\Dump: El sistema no puede encontrar la ruta especificada. (0x3)
[0302/211134.865:ERROR:registration_protocol_win.cc(84)] TransactNamedPipe: Ha terminado la canalización. (0x6D)
[0302/211134.867:ERROR:crash_report_database_win.cc(580)] CreateDirectory C:\Program Files (x86)\Setmy\Reports\Dump: El sistema no puede encontrar la ruta especificada. (0x3)
[0302/211242.167:ERROR:crash_report_database_win.cc(580)] CreateDirectory C:\Program Files (x86)\Setmy\Reports\Dump: El sistema no puede encontrar la ruta especificada. (0x3)
[0302/211242.181:ERROR:registration_protocol_win.cc(84)] TransactNamedPipe: Ha terminado la canalización. (0x6D)
[0302/211242.183:ERROR:crash_report_database_win.cc(580)] CreateDirectory C:\Program Files (x86)\Setmy\Reports\Dump: El sistema no puede encontrar la ruta especificada. (0x3)
[0302/211308.424:ERROR:crash_report_database_win.cc(580)] CreateDirectory C:\Program Files (x86)\Setmy\Reports\Dump: El sistema no puede encontrar la ruta especificada. (0x3)
[0302/211308.446:ERROR:registration_protocol_win.cc(84)] TransactNamedPipe: Ha terminado la canalización. (0x6D)
[0302/211308.448:ERROR:crash_report_database_win.cc(580)] CreateDirectory C:\Program Files (x86)\Setmy\Reports\Dump: El sistema no puede encontrar la ruta especificada. (0x3)
[0302/211510.977:ERROR:crash_report_database_win.cc(580)] CreateDirectory C:\Program Files (x86)\Setmy\Reports\Dump: El sistema no puede encontrar la ruta especificada. (0x3)
[0302/211511.005:ERROR:registration_protocol_win.cc(84)] TransactNamedPipe: Ha terminado la canalización. (0x6D)
[0302/211511.005:ERROR:crash_report_database_win.cc(580)] CreateDirectory C:\Program Files (x86)\Setmy\Reports\Dump: El sistema no puede encontrar la ruta especificada. (0x3)
[0302/211704.741:ERROR:crash_report_database_win.cc(580)] CreateDirectory C:\Program Files (x86)\Setmy\Reports\Dump: El sistema no puede encontrar la ruta especificada. (0x3)
[0302/211704.870:ERROR:registration_protocol_win.cc(84)] TransactNamedPipe: Ha terminado la canalización. (0x6D)
[0302/211704.917:ERROR:crash_report_database_win.cc(580)] CreateDirectory C:\Program Files (x86)\Setmy\Reports\Dump: El sistema no puede encontrar la ruta especificada. (0x3)
[0302/211855.362:ERROR:crash_report_database_win.cc(580)] CreateDirectory C:\Program Files (x86)\Setmy\Reports\Dump: El sistema no puede encontrar la ruta especificada. (0x3)
[0302/211856.517:ERROR:registration_protocol_win.cc(84)] TransactNamedPipe: Ha terminado la canalización. (0x6D)
[0302/211856.570:ERROR:crash_report_database_win.cc(580)] CreateDirectory C:\Program Files (x86)\Setmy\Reports\Dump: El sistema no puede encontrar la ruta especificada. (0x3)
[0302/212019.943:ERROR:crash_report_database_win.cc(580)] CreateDirectory C:\Program Files (x86)\Setmy\Reports\Dump: El sistema no puede encontrar la ruta especificada. (0x3)
[0302/212020.025:ERROR:registration_protocol_win.cc(84)] TransactNamedPipe: Ha terminado la canalización. (0x6D)
[0302/212020.047:ERROR:crash_report_database_win.cc(580)] CreateDirectory C:\Program Files (x86)\Setmy\Reports\Dump: El sistema no puede encontrar la ruta especificada. (0x3)
[0302/214651.382:ERROR:crash_report_database_win.cc(580)] CreateDirectory C:\Program Files (x86)\Setmy\Reports\Dump: El sistema no puede encontrar la ruta especificada. (0x3)
[0302/214651.401:ERROR:registration_protocol_win.cc(84)] TransactNamedPipe: Ha terminado la canalización. (0x6D)
[0302/214651.403:ERROR:crash_report_database_win.cc(580)] CreateDirectory C:\Program Files (x86)\Setmy\Reports\Dump: El sistema no puede encontrar la ruta especificada. (0x3)
[0302/215303:ERROR:crash_report_database_win.cc(562)] CreateDirectory C:\Program Files (x86)\Setmy\Reports\Dump: El sistema no puede encontrar la ruta especificada. (0x3)
[0302/215303:ERROR:registration_protocol_win.cc(82)] TransactNamedPipe: Ha terminado la canalización. (0x6D)
[0302/215303:ERROR:crash_report_database_win.cc(562)] CreateDirectory C:\Program Files (x86)\Setmy\Reports\Dump: El sistema no puede encontrar la ruta especificada. (0x3)
